[0201/164802.953:ERROR:batching_media_log.cc(38)] MediaEvent: {"error":"FFmpegDemuxer: no supported streams"}
[0201/164802.953:ERROR:batching_media_log.cc(35)] MediaEvent: {"pipeline_error":14}
[0201/164803.171:ERROR:batching_media_log.cc(38)] MediaEvent: {"error":"FFmpegDemuxer: no supported streams"}
[0201/164803.171:ERROR:batching_media_log.cc(35)] MediaEvent: {"pipeline_error":14}
[0203/155305.682:ERROR:cache_util_win.cc(21)] Unable to move the cache: Access is denied. (0x5)
[0203/155305.682:ERROR:cache_util.cc(139)] Unable to move cache folder C:/Users/phill/Documents/Unreal Projects/Albion_Project/Saved/webcache_4147\Cache to C:/Users/phill/Documents/Unreal Projects/Albion_Project/Saved/webcache_4147\old_Cache_000
[0203/155305.682:ERROR:disk_cache.cc(184)] Unable to create cache
[0203/155318.830:WARNING:value_store_frontend.cc(44)] Reading mhjfbmdgcfjbbpaeojofohoefgiehjai.alarms from  failed: IO error: .../LOCK: File currently in use. (ChromeMethodBFE: 15::LockFile::2)
[0203/155823.028:ERROR:leveldb_factory.cc(90)] Failed to open LevelDB database from C:/Users/phill/Documents/Unreal Projects/Albion_Project/Saved/webcache_4147\IndexedDB\https_www.youtube.com_0.indexeddb.leveldb,IO error: C:/Users/phill/Documents/Unreal Projects/Albion_Project/Saved/webcache_4147\IndexedDB\https_www.youtube.com_0.indexeddb.leveldb/LOCK: File currently in use. (ChromeMethodBFE: 15::LockFile::2)
[0203/155824.333:ERROR:batching_media_log.cc(38)] MediaEvent: {"error":"FFmpegDemuxer: no supported streams"}
[0203/155824.334:ERROR:batching_media_log.cc(35)] MediaEvent: {"pipeline_error":14}
[0203/155824.569:ERROR:batching_media_log.cc(38)] MediaEvent: {"error":"FFmpegDemuxer: no supported streams"}
[0203/155824.569:ERROR:batching_media_log.cc(35)] MediaEvent: {"pipeline_error":14}
[0203/155825.042:ERROR:leveldb_factory.cc(90)] Failed to open LevelDB database from C:/Users/phill/Documents/Unreal Projects/Albion_Project/Saved/webcache_4147\IndexedDB\https_www.youtube.com_0.indexeddb.leveldb,IO error: C:/Users/phill/Documents/Unreal Projects/Albion_Project/Saved/webcache_4147\IndexedDB\https_www.youtube.com_0.indexeddb.leveldb/LOCK: File currently in use. (ChromeMethodBFE: 15::LockFile::2)
[0209/165451.585:ERROR:batching_media_log.cc(38)] MediaEvent: {"error":"FFmpegDemuxer: no supported streams"}
[0209/165451.586:ERROR:batching_media_log.cc(38)] MediaEvent: {"error":"FFmpegDemuxer: no supported streams"}
[0209/165451.586:ERROR:batching_media_log.cc(35)] MediaEvent: {"pipeline_error":14}
[0209/165451.587:ERROR:batching_media_log.cc(35)] MediaEvent: {"pipeline_error":14}
[0209/184643.959:WARNING:dns_config_service_win.cc(700)] Failed to read DnsConfig.
[0209/184643.970:WARNING:dns_config_service_win.cc(700)] Failed to read DnsConfig.
[0209/184648.963:WARNING:dns_config_service_win.cc(700)] Failed to read DnsConfig.
[0209/184648.985:WARNING:dns_config_service_win.cc(700)] Failed to read DnsConfig.
[0209/184653.966:WARNING:dns_config_service_win.cc(700)] Failed to read DnsConfig.
[0209/184654.004:WARNING:dns_config_service_win.cc(700)] Failed to read DnsConfig.
[0209/184658.970:WARNING:dns_config_service_win.cc(700)] Failed to read DnsConfig.
[0209/184659.023:WARNING:dns_config_service_win.cc(700)] Failed to read DnsConfig.
[0209/184703.973:WARNING:dns_config_service_win.cc(700)] Failed to read DnsConfig.
[0209/184704.047:WARNING:dns_config_service_win.cc(700)] Failed to read DnsConfig.
[0209/184708.976:WARNING:dns_config_service_win.cc(700)] Failed to read DnsConfig.
[0209/184709.065:WARNING:dns_config_service_win.cc(700)] Failed to read DnsConfig.
[0209/184713.979:WARNING:dns_config_service_win.cc(700)] Failed to read DnsConfig.
[0209/184714.087:WARNING:dns_config_service_win.cc(700)] Failed to read DnsConfig.
[0209/184718.982:WARNING:dns_config_service_win.cc(700)] Failed to read DnsConfig.
[0209/184719.105:WARNING:dns_config_service_win.cc(700)] Failed to read DnsConfig.
[0209/184723.986:WARNING:dns_config_service_win.cc(700)] Failed to read DnsConfig.
[0209/184724.128:WARNING:dns_config_service_win.cc(700)] Failed to read DnsConfig.
[0209/184728.990:WARNING:dns_config_service_win.cc(700)] Failed to read DnsConfig.
[0209/184729.155:WARNING:dns_config_service_win.cc(700)] Failed to read DnsConfig.
[0209/184733.994:WARNING:dns_config_service_win.cc(700)] Failed to read DnsConfig.
[0209/184734.178:WARNING:dns_config_service_win.cc(700)] Failed to read DnsConfig.
[0209/184738.997:WARNING:dns_config_service_win.cc(700)] Failed to read DnsConfig.
[0209/184739.200:WARNING:dns_config_service_win.cc(700)] Failed to read DnsConfig.
[0209/184744.000:WARNING:dns_config_service_win.cc(700)] Failed to read DnsConfig.
[0209/184744.210:WARNING:dns_config_service_win.cc(700)] Failed to read DnsConfig.
[0209/184749.003:WARNING:dns_config_service_win.cc(700)] Failed to read DnsConfig.
[0209/184749.223:WARNING:dns_config_service_win.cc(700)] Failed to read DnsConfig.
[0209/184754.006:WARNING:dns_config_service_win.cc(700)] Failed to read DnsConfig.
[0209/184754.244:WARNING:dns_config_service_win.cc(700)] Failed to read DnsConfig.
[0209/184759.009:WARNING:dns_config_service_win.cc(700)] Failed to read DnsConfig.
[0209/184759.254:WARNING:dns_config_service_win.cc(700)] Failed to read DnsConfig.
[0209/184804.013:WARNING:dns_config_service_win.cc(700)] Failed to read DnsConfig.
[0209/184804.267:WARNING:dns_config_service_win.cc(700)] Failed to read DnsConfig.
[0209/184809.017:WARNING:dns_config_service_win.cc(700)] Failed to read DnsConfig.
[0209/184809.286:WARNING:dns_config_service_win.cc(700)] Failed to read DnsConfig.
[0209/184814.020:WARNING:dns_config_service_win.cc(700)] Failed to read DnsConfig.
[0209/184814.297:WARNING:dns_config_service_win.cc(700)] Failed to read DnsConfig.
[0209/184819.024:WARNING:dns_config_service_win.cc(700)] Failed to read DnsConfig.
[0209/184819.305:WARNING:dns_config_service_win.cc(700)] Failed to read DnsConfig.
[0209/184824.029:WARNING:dns_config_service_win.cc(700)] Failed to read DnsConfig.
[0209/184824.320:WARNING:dns_config_service_win.cc(700)] Failed to read DnsConfig.
[0209/184829.031:WARNING:dns_config_service_win.cc(700)] Failed to read DnsConfig.
[0209/184829.328:WARNING:dns_config_service_win.cc(700)] Failed to read DnsConfig.
[0209/184834.035:WARNING:dns_config_service_win.cc(700)] Failed to read DnsConfig.
[0209/184834.335:WARNING:dns_config_service_win.cc(700)] Failed to read DnsConfig.
[0209/184839.038:WARNING:dns_config_service_win.cc(700)] Failed to read DnsConfig.
[0209/184839.341:WARNING:dns_config_service_win.cc(700)] Failed to read DnsConfig.
[0209/184844.042:WARNING:dns_config_service_win.cc(700)] Failed to read DnsConfig.
[0209/184844.360:WARNING:dns_config_service_win.cc(700)] Failed to read DnsConfig.
[0209/184849.045:WARNING:dns_config_service_win.cc(700)] Failed to read DnsConfig.
[0209/184849.367:WARNING:dns_config_service_win.cc(700)] Failed to read DnsConfig.
[0209/184854.048:WARNING:dns_config_service_win.cc(700)] Failed to read DnsConfig.
[0209/184854.376:WARNING:dns_config_service_win.cc(700)] Failed to read DnsConfig.
[0209/184859.052:WARNING:dns_config_service_win.cc(700)] Failed to read DnsConfig.
[0209/184859.384:WARNING:dns_config_service_win.cc(700)] Failed to read DnsConfig.
[0209/184904.057:WARNING:dns_config_service_win.cc(700)] Failed to read DnsConfig.
[0209/184904.403:WARNING:dns_config_service_win.cc(700)] Failed to read DnsConfig.
[0209/184909.060:WARNING:dns_config_service_win.cc(700)] Failed to read DnsConfig.
[0209/184909.423:WARNING:dns_config_service_win.cc(700)] Failed to read DnsConfig.
[0209/184914.063:WARNING:dns_config_service_win.cc(700)] Failed to read DnsConfig.
[0209/184914.442:WARNING:dns_config_service_win.cc(700)] Failed to read DnsConfig.
[0209/184919.066:WARNING:dns_config_service_win.cc(700)] Failed to read DnsConfig.
[0209/184919.451:WARNING:dns_config_service_win.cc(700)] Failed to read DnsConfig.
[0209/184924.070:WARNING:dns_config_service_win.cc(700)] Failed to read DnsConfig.
[0209/184924.473:WARNING:dns_config_service_win.cc(700)] Failed to read DnsConfig.
[0209/184929.073:WARNING:dns_config_service_win.cc(700)] Failed to read DnsConfig.
[0209/184929.475:WARNING:dns_config_service_win.cc(700)] Failed to read DnsConfig.
[0209/184930.521:WARNING:dns_config_service_win.cc(700)] Failed to read DnsConfig.
[0209/184934.076:WARNING:dns_config_service_win.cc(700)] Failed to read DnsConfig.
[0209/184934.484:WARNING:dns_config_service_win.cc(700)] Failed to read DnsConfig.
[0209/184935.533:WARNING:dns_config_service_win.cc(700)] Failed to read DnsConfig.
[0209/184939.080:WARNING:dns_config_service_win.cc(700)] Failed to read DnsConfig.
[0209/184939.504:WARNING:dns_config_service_win.cc(700)] Failed to read DnsConfig.
[0209/184940.554:WARNING:dns_config_service_win.cc(700)] Failed to read DnsConfig.
[0209/184944.083:WARNING:dns_config_service_win.cc(700)] Failed to read DnsConfig.
[0209/184944.522:WARNING:dns_config_service_win.cc(700)] Failed to read DnsConfig.
[0209/184945.561:WARNING:dns_config_service_win.cc(700)] Failed to read DnsConfig.
[0209/184949.088:WARNING:dns_config_service_win.cc(700)] Failed to read DnsConfig.
[0209/184949.540:WARNING:dns_config_service_win.cc(700)] Failed to read DnsConfig.
[0209/184950.579:WARNING:dns_config_service_win.cc(700)] Failed to read DnsConfig.
[0209/184954.090:WARNING:dns_config_service_win.cc(700)] Failed to read DnsConfig.
[0209/184954.550:WARNING:dns_config_service_win.cc(700)] Failed to read DnsConfig.
[0209/184955.590:WARNING:dns_config_service_win.cc(700)] Failed to read DnsConfig.
[0209/184959.093:WARNING:dns_config_service_win.cc(700)] Failed to read DnsConfig.
[0209/184959.562:WARNING:dns_config_service_win.cc(700)] Failed to read DnsConfig.
[0209/185000.598:WARNING:dns_config_service_win.cc(700)] Failed to read DnsConfig.
[0209/185004.096:WARNING:dns_config_service_win.cc(700)] Failed to read DnsConfig.
[0209/185004.568:WARNING:dns_config_service_win.cc(700)] Failed to read DnsConfig.
[0209/185005.606:WARNING:dns_config_service_win.cc(700)] Failed to read DnsConfig.
[0209/185009.100:WARNING:dns_config_service_win.cc(700)] Failed to read DnsConfig.
[0209/185009.576:WARNING:dns_config_service_win.cc(700)] Failed to read DnsConfig.
[0209/185010.615:WARNING:dns_config_service_win.cc(700)] Failed to read DnsConfig.
[0209/185014.103:WARNING:dns_config_service_win.cc(700)] Failed to read DnsConfig.
[0209/185014.586:WARNING:dns_config_service_win.cc(700)] Failed to read DnsConfig.
[0209/185015.624:WARNING:dns_config_service_win.cc(700)] Failed to read DnsConfig.
[0209/185019.106:WARNING:dns_config_service_win.cc(700)] Failed to read DnsConfig.
[0209/185019.592:WARNING:dns_config_service_win.cc(700)] Failed to read DnsConfig.
[0209/185020.645:WARNING:dns_config_service_win.cc(700)] Failed to read DnsConfig.
[0209/185024.109:WARNING:dns_config_service_win.cc(700)] Failed to read DnsConfig.
[0209/185024.602:WARNING:dns_config_service_win.cc(700)] Failed to read DnsConfig.
[0209/185025.654:WARNING:dns_config_service_win.cc(700)] Failed to read DnsConfig.
[0209/185029.112:WARNING:dns_config_service_win.cc(700)] Failed to read DnsConfig.
[0209/185029.609:WARNING:dns_config_service_win.cc(700)] Failed to read DnsConfig.
[0209/185030.664:WARNING:dns_config_service_win.cc(700)] Failed to read DnsConfig.
[0209/185034.116:WARNING:dns_config_service_win.cc(700)] Failed to read DnsConfig.
[0209/185034.620:WARNING:dns_config_service_win.cc(700)] Failed to read DnsConfig.
[0209/185035.674:WARNING:dns_config_service_win.cc(700)] Failed to read DnsConfig.
[0209/185039.120:WARNING:dns_config_service_win.cc(700)] Failed to read DnsConfig.
[0209/185039.633:WARNING:dns_config_service_win.cc(700)] Failed to read DnsConfig.
[0209/185040.686:WARNING:dns_config_service_win.cc(700)] Failed to read DnsConfig.
[0209/185044.123:WARNING:dns_config_service_win.cc(700)] Failed to read DnsConfig.
[0209/185044.642:WARNING:dns_config_service_win.cc(700)] Failed to read DnsConfig.
[0209/185045.698:WARNING:dns_config_service_win.cc(700)] Failed to read DnsConfig.
[0209/185049.126:WARNING:dns_config_service_win.cc(700)] Failed to read DnsConfig.
[0209/185049.655:WARNING:dns_config_service_win.cc(700)] Failed to read DnsConfig.
[0209/185050.709:WARNING:dns_config_service_win.cc(700)] Failed to read DnsConfig.
[0217/163533.451:ERROR:batching_media_log.cc(38)] MediaEvent: {"error":"FFmpegDemuxer: no supported streams"}
[0217/163533.451:ERROR:batching_media_log.cc(35)] MediaEvent: {"pipeline_error":14}
[0217/163533.585:ERROR:batching_media_log.cc(38)] MediaEvent: {"error":"FFmpegDemuxer: no supported streams"}
[0217/163533.585:ERROR:batching_media_log.cc(35)] MediaEvent: {"pipeline_error":14}
[0217/163533.746:WARNING:spdy_session.cc(3365)] Received HEADERS for invalid stream 25
